1616249145423:showauthors
1616249169575:Library tools:>showauthors
1616249196473:showAuthor
1616249249907:au
1616249259690:addAuthor
1616249340570:showAuthor
1616249352491:help
1616249369099:show-author
1616249437964:show-authors
1616249449369:help
1616249459515:show-author
1616252059041:help
1616252072196:show-authors
1616252162196:sd
1616252169648:show-author
1616252176400:help
1616252185793:show-authors
1616252724641:add-auhor alex
1616252746403:add-authoe alex
1616252756335:add-author alex
1616252908833:add-author alex2
1616252914818:show-authors
1616252955776:show-author
1616252962911:show-authors
1616254498892:showAuthors
1616254507865:show-authors
